<?xml version="1.0" encoding="UTF-8"?>
<!-- Generated by org.testng.reporters.JUnitXMLReporter -->
<testsuite hostname="SLPUN-LT-0147" ignored="0" name="Default test" tests="2" failures="0" timestamp="12 Mar 2019 04:37:59 GMT" time="30.927" errors="0">
  <testcase name="homePageNavigation" time="18.547" classname="com.testAutomation.TestAutomation.Homepage"/>
  <testcase name="homePageNavigation" time="7.138" classname="com.testAutomation.TestAutomation.Homepage"/>
</testsuite> <!-- Default test -->
