<?xml version="1.0" encoding="UTF-8"?>
<!-- Generated by org.testng.reporters.JUnitXMLReporter -->
<testsuite hostname="SLPUN-LT-0147" ignored="0" name="Default test" tests="2" failures="0" timestamp="10 Mar 2019 13:07:23 GMT" time="53.764" errors="0">
  <testcase name="homePageNavigation" time="33.169" classname="com.testAutomation.TestAutomation.Homepage"/>
  <testcase name="homePageNavigation" time="20.544" classname="com.testAutomation.TestAutomation.Homepage"/>
</testsuite> <!-- Default test -->
