<?xml version="1.0" encoding="UTF-8"?>
<!-- Generated by org.testng.reporters.JUnitXMLReporter -->
<testsuite hostname="SLPUN-LT-0147" ignored="0" name="Test" tests="3" failures="0" timestamp="11 Mar 2019 09:01:57 GMT" time="52.465" errors="0">
  <testcase name="validateHomePage" time="0.084" classname="com.testAutomation.TestAutomation.ValidateHomepage"/>
  <testcase name="homePageNavigation" time="18.783" classname="com.testAutomation.TestAutomation.Homepage"/>
  <testcase name="homePageNavigation" time="8.933" classname="com.testAutomation.TestAutomation.Homepage"/>
</testsuite> <!-- Test -->
