<?xml version="1.0" encoding="UTF-8"?>
<!-- Generated by org.testng.reporters.JUnitXMLReporter -->
<testsuite hostname="SLPUN-LT-0147" ignored="0" name="HomepageTest" tests="2" failures="0" timestamp="12 Mar 2019 11:29:13 GMT" time="33.815" errors="0">
  <testcase name="homePageNavigation" time="24.409" classname="com.testAutomation.TestAutomation.Homepage"/>
  <testcase name="homePageNavigation" time="6.403" classname="com.testAutomation.TestAutomation.Homepage"/>
</testsuite> <!-- HomepageTest -->
