<?xml version="1.0" encoding="UTF-8"?>
<!-- Generated by org.testng.reporters.JUnitXMLReporter -->
<testsuite hostname="SLPUN-LT-0147" ignored="0" name="HomepageTest" tests="2" failures="1" timestamp="13 Mar 2019 10:20:56 GMT" time="35.617" errors="0">
  <testcase name="homePageNavigation" time="22.969" classname="com.testAutomation.TestAutomation.Homepage"/>
  <testcase name="homePageNavigation" time="9.023" classname="com.testAutomation.TestAutomation.Homepage">
    <failure type="java.lang.AssertionError" message="expected [false] but found [true]">
      <![CDATA[java.lang.AssertionError: expected [false] but found [true]
at com.testAutomation.TestAutomation.Homepage.homePageNavigation(Homepage.java:45)
... Removed 33 stack frames]]>
    </failure>
  </testcase> <!-- homePageNavigation -->
</testsuite> <!-- HomepageTest -->
