<?xml version="1.0" encoding="UTF-8"?>
<!-- Generated by org.testng.reporters.JUnitXMLReporter -->
<testsuite hostname="SLPUN-LT-0147" ignored="0" name="Test" tests="3" failures="0" timestamp="12 Mar 2019 06:43:26 GMT" time="35.53" errors="0">
  <testcase name="validateHomePage" time="2.619" classname="com.testAutomation.TestAutomation.ValidateHomepage"/>
  <testcase name="homePageNavigation" time="15.813" classname="com.testAutomation.TestAutomation.Homepage"/>
  <testcase name="homePageNavigation" time="7.249" classname="com.testAutomation.TestAutomation.Homepage"/>
</testsuite> <!-- Test -->
