<?xml version="1.0" encoding="UTF-8"?>
<!-- Generated by org.testng.reporters.JUnitXMLReporter -->
<testsuite hostname="SLPUN-LT-0147" ignored="0" name="Test" tests="3" failures="0" timestamp="11 Mar 2019 10:46:33 GMT" time="50.05" errors="0">
  <testcase name="validateHomePage" time="0.087" classname="com.testAutomation.TestAutomation.ValidateHomepage"/>
  <testcase name="homePageNavigation" time="14.833" classname="com.testAutomation.TestAutomation.Homepage"/>
  <testcase name="homePageNavigation" time="9.049" classname="com.testAutomation.TestAutomation.Homepage"/>
</testsuite> <!-- Test -->
