-------------------------------------------------------------------------------
Test set: TestSuite
-------------------------------------------------------------------------------
Tests run: 3, Failures: 1, Errors: 0, Skipped: 0, Time elapsed: 47.166 s <<< FAILURE! - in TestSuite
homePageNavigation(com.testAutomation.TestAutomation.Homepage)  Time elapsed: 9.042 s  <<< FAILURE!
java.lang.AssertionError: expected [false] but found [true]
	at com.testAutomation.TestAutomation.Homepage.homePageNavigation(Homepage.java:45)

