<?xml version="1.0" encoding="UTF-8"?>
<testsuite xmlns:xsi="http://www.w3.org/2001/XMLSchema-instance" xsi:noNamespaceSchemaLocation="https://maven.apache.org/surefire/maven-surefire-plugin/xsd/surefire-test-report-3.0.xsd" version="3.0" name="TestSuite" time="50.848" tests="3" errors="0" skipped="0" failures="0">
  <properties>
[...]
</properties>
  <testcase name="validateHomePage" classname="com.testAutomation.TestAutomation.ValidateHomepage" time="0.088"/>
  <testcase name="homePageNavigation" classname="com.testAutomation.TestAutomation.Homepage" time="14.833"/>
  <testcase name="homePageNavigation" classname="com.testAutomation.TestAutomation.Homepage" time="9.049"/>
</testsuite>