<?xml version="1.0" encoding="UTF-8"?>
<testng-results skipped="0" failed="0" ignored="0" total="1" passed="1">
  <reporter-output>
  </reporter-output>
  <suite name="Default suite" duration-ms="34988" started-at="2019-03-09T13:49:17Z" finished-at="2019-03-09T13:49:52Z">
    <groups>
    </groups>
    <test name="Default test" duration-ms="34988" started-at="2019-03-09T13:49:17Z" finished-at="2019-03-09T13:49:52Z">
      <class name="com.testAutomation.TestAutomation.Homepage">
        <test-method status="PASS" signature="homePageNavigation()[pri:0, instance:com.testAutomation.TestAutomation.Homepage@26be92ad]" name="homePageNavigation" duration-ms="34952" started-at="2019-03-09T13:49:17Z" finished-at="2019-03-09T13:49:52Z">
          <reporter-output>
          </reporter-output>
        </test-method> <!-- homePageNavigation -->
      </class> <!-- com.testAutomation.TestAutomation.Homepage -->
    </test> <!-- Default test -->
  </suite> <!-- Default suite -->
</testng-results>
